<?xml version="1.0" encoding="UTF-8"?>
<testsuite xmlns:xsi="http://www.w3.org/2001/XMLSchema-instance" xsi:noNamespaceSchemaLocation="https://maven.apache.org/surefire/maven-surefire-plugin/xsd/surefire-test-report-3.0.xsd" version="3.0" name="com.github.calc.CalcTest" time="4.848" tests="8" errors="0" skipped="0" failures="0">
  <properties>
[...]
</properties>
  <testcase name="plusMinus" classname="com.github.calc.CalcTest" time="2.885"/>
  <testcase name="mr" classname="com.github.calc.CalcTest" time="0.363"/>
  <testcase name="ms" classname="com.github.calc.CalcTest" time="0.294"/>
  <testcase name="add" classname="com.github.calc.CalcTest" time="0.275"/>
  <testcase name="div" classname="com.github.calc.CalcTest" time="0.185"/>
  <testcase name="nbs" classname="com.github.calc.CalcTest" time="0.122"/>
  <testcase name="sqrt" classname="com.github.calc.CalcTest" time="0.163"/>
  <testcase name="comma" classname="com.github.calc.CalcTest" time="0.156"/>
</testsuite>